# JRE version: OpenJDK Runtime Environment Temurin-11.0.12+7 (11.0.12+7) (build 11.0.12+7)
# Java VM: OpenJDK 64-Bit Server VM Temurin-11.0.12+7 (11.0.12+7, mixed mode, tiered, compressed oops, g1 gc, bsd-amd64)
Heap:
 garbage-first heap   total 157696K, used 45475K [0x0000000780000000, 0x0000000800000000)
  region size 1024K, 25 young (25600K), 10 survivors (10240K)
 Metaspace       used 54968K, capacity 56243K, committed 56396K, reserved 1097728K
  class space    used 6930K, capacity 7463K, committed 7552K, reserved 1048576K
GC Heap History (12 events):
Event: 0.463 GC heap before
{Heap before GC invocations=0 (full 0):
 garbage-first heap   total 131072K, used 14336K [0x0000000780000000, 0x0000000800000000)
  region size 1024K, 14 young (14336K), 0 survivors (0K)
 Metaspace       used 10011K, capacity 10222K, committed 10496K, reserved 1058816K
  class space    used 919K, capacity 986K, committed 1024K, reserved 1048576K
}
Event: 0.467 GC heap after
{Heap after GC invocations=1 (full 0):
 garbage-first heap   total 131072K, used 4437K [0x0000000780000000, 0x0000000800000000)
  region size 1024K, 2 young (2048K), 2 survivors (2048K)
 Metaspace       used 10011K, capacity 10222K, committed 10496K, reserved 1058816K
  class space    used 919K, capacity 986K, committed 1024K, reserved 1048576K
}
Event: 1.101 GC heap before
{Heap before GC invocations=1 (full 0):
 garbage-first heap   total 131072K, used 63829K [0x0000000780000000, 0x0000000800000000)
  region size 1024K, 62 young (63488K), 2 survivors (2048K)
 Metaspace       used 20617K, capacity 20914K, committed 21248K, reserved 1069056K
  class space    used 2145K, capacity 2272K, committed 2304K, reserved 1048576K
}
Event: 1.116 GC heap after
{Heap after GC invocations=2 (full 0):
 garbage-first heap   total 131072K, used 6485K [0x0000000780000000, 0x0000000800000000)
  region size 1024K, 4 young (4096K), 4 survivors (4096K)
 Metaspace       used 20617K, capacity 20914K, committed 21248K, reserved 1069056K
  class space    used 2145K, capacity 2272K, committed 2304K, reserved 1048576K
}
Event: 2.565 GC heap before
{Heap before GC invocations=3 (full 0):
 garbage-first heap   total 131072K, used 62805K [0x0000000780000000, 0x0000000800000000)
  region size 1024K, 57 young (58368K), 4 survivors (4096K)
 Metaspace       used 33387K, capacity 33838K, committed 34432K, reserved 1079296K
  class space    used 4029K, capacity 4184K, committed 4224K, reserved 1048576K
}
Event: 2.572 GC heap after
{Heap after GC invocations=4 (full 0):
 garbage-first heap   total 131072K, used 11375K [0x0000000780000000, 0x0000000800000000)
  region size 1024K, 7 young (7168K), 7 survivors (7168K)
 Metaspace       used 33387K, capacity 33838K, committed 34432K, reserved 1079296K
  class space    used 4029K, capacity 4184K, committed 4224K, reserved 1048576K
}
Event: 2.759 GC heap before
{Heap before GC invocations=4 (full 0):
 garbage-first heap   total 131072K, used 18543K [0x0000000780000000, 0x0000000800000000)
  region size 1024K, 15 young (15360K), 7 survivors (7168K)
 Metaspace       used 34862K, capacity 35288K, committed 35840K, reserved 1081344K
  class space    used 4204K, capacity 4348K, committed 4352K, reserved 1048576K
}
Event: 2.767 GC heap after
{Heap after GC invocations=5 (full 0):
 garbage-first heap   total 131072K, used 12348K [0x0000000780000000, 0x0000000800000000)
  region size 1024K, 6 young (6144K), 6 survivors (6144K)
 Metaspace       used 34862K, capacity 35288K, committed 35840K, reserved 1081344K
  class space    used 4204K, capacity 4348K, committed 4352K, reserved 1048576K
}
Event: 6.397 GC heap before
{Heap before GC invocations=6 (full 0):
 garbage-first heap   total 131072K, used 73788K [0x0000000780000000, 0x0000000800000000)
  region size 1024K, 63 young (64512K), 6 survivors (6144K)
 Metaspace       used 48061K, capacity 48962K, committed 49100K, reserved 1091584K
  class space    used 6016K, capacity 6370K, committed 6400K, reserved 1048576K
}
Event: 6.409 GC heap after
{Heap after GC invocations=7 (full 0):
 garbage-first heap   total 157696K, used 16126K [0x0000000780000000, 0x0000000800000000)
  region size 1024K, 8 young (8192K), 8 survivors (8192K)
 Metaspace       used 48061K, capacity 48962K, committed 49100K, reserved 1091584K
  class space    used 6016K, capacity 6370K, committed 6400K, reserved 1048576K
}
Event: 19.796 GC heap before
{Heap before GC invocations=7 (full 0):
 garbage-first heap   total 157696K, used 93950K [0x0000000780000000, 0x0000000800000000)
  region size 1024K, 75 young (76800K), 8 survivors (8192K)
 Metaspace       used 54105K, capacity 55412K, committed 55756K, reserved 1097728K
  class space    used 6840K, capacity 7379K, committed 7424K, reserved 1048576K
}
Event: 19.812 GC heap after
{Heap after GC invocations=8 (full 0):
 garbage-first heap   total 157696K, used 28067K [0x0000000780000000, 0x0000000800000000)
  region size 1024K, 10 young (10240K), 10 survivors (10240K)
 Metaspace       used 54105K, capacity 55412K, committed 55756K, reserved 1097728K
  class space    used 6840K, capacity 7379K, committed 7424K, reserved 1048576K
}

