# JRE version: OpenJDK Runtime Environment Temurin-11.0.12+7 (11.0.12+7) (build 11.0.12+7)
# Java VM: OpenJDK 64-Bit Server VM Temurin-11.0.12+7 (11.0.12+7, mixed mode, tiered, compressed oops, g1 gc, bsd-amd64)
Heap:
 garbage-first heap   total 157696K, used 32327K [0x0000000780000000, 0x0000000800000000)
  region size 1024K, 21 young (21504K), 10 survivors (10240K)
 Metaspace       used 50327K, capacity 51349K, committed 51500K, reserved 1093632K
  class space    used 6355K, capacity 6744K, committed 6784K, reserved 1048576K
GC Heap History (10 events):
Event: 0.534 GC heap before
{Heap before GC invocations=0 (full 0):
 garbage-first heap   total 131072K, used 14336K [0x0000000780000000, 0x0000000800000000)
  region size 1024K, 14 young (14336K), 0 survivors (0K)
 Metaspace       used 10010K, capacity 10221K, committed 10496K, reserved 1058816K
  class space    used 919K, capacity 986K, committed 1024K, reserved 1048576K
}
Event: 0.540 GC heap after
{Heap after GC invocations=1 (full 0):
 garbage-first heap   total 131072K, used 4772K [0x0000000780000000, 0x0000000800000000)
  region size 1024K, 2 young (2048K), 2 survivors (2048K)
 Metaspace       used 10010K, capacity 10221K, committed 10496K, reserved 1058816K
  class space    used 919K, capacity 986K, committed 1024K, reserved 1048576K
}
Event: 1.284 GC heap before
{Heap before GC invocations=1 (full 0):
 garbage-first heap   total 131072K, used 65188K [0x0000000780000000, 0x0000000800000000)
  region size 1024K, 63 young (64512K), 2 survivors (2048K)
 Metaspace       used 20683K, capacity 20979K, committed 21248K, reserved 1069056K
  class space    used 2168K, capacity 2273K, committed 2304K, reserved 1048576K
}
Event: 1.300 GC heap after
{Heap after GC invocations=2 (full 0):
 garbage-first heap   total 131072K, used 6530K [0x0000000780000000, 0x0000000800000000)
  region size 1024K, 4 young (4096K), 4 survivors (4096K)
 Metaspace       used 20683K, capacity 20979K, committed 21248K, reserved 1069056K
  class space    used 2168K, capacity 2273K, committed 2304K, reserved 1048576K
}
Event: 2.708 GC heap before
{Heap before GC invocations=3 (full 0):
 garbage-first heap   total 131072K, used 70018K [0x0000000780000000, 0x0000000800000000)
  region size 1024K, 64 young (65536K), 4 survivors (4096K)
 Metaspace       used 34501K, capacity 34967K, committed 35072K, reserved 1079296K
  class space    used 4177K, capacity 4348K, committed 4352K, reserved 1048576K
}
Event: 2.717 GC heap after
{Heap after GC invocations=4 (full 0):
 garbage-first heap   total 131072K, used 12119K [0x0000000780000000, 0x0000000800000000)
  region size 1024K, 8 young (8192K), 8 survivors (8192K)
 Metaspace       used 34501K, capacity 34967K, committed 35072K, reserved 1079296K
  class space    used 4177K, capacity 4348K, committed 4352K, reserved 1048576K
}
Event: 2.746 GC heap before
{Heap before GC invocations=4 (full 0):
 garbage-first heap   total 131072K, used 13143K [0x0000000780000000, 0x0000000800000000)
  region size 1024K, 10 young (10240K), 8 survivors (8192K)
 Metaspace       used 35019K, capacity 35447K, committed 35628K, reserved 1081344K
  class space    used 4218K, capacity 4380K, committed 4480K, reserved 1048576K
}
Event: 2.754 GC heap after
{Heap after GC invocations=5 (full 0):
 garbage-first heap   total 131072K, used 12178K [0x0000000780000000, 0x0000000800000000)
  region size 1024K, 4 young (4096K), 4 survivors (4096K)
 Metaspace       used 35019K, capacity 35447K, committed 35628K, reserved 1081344K
  class space    used 4218K, capacity 4380K, committed 4480K, reserved 1048576K
}
Event: 11.597 GC heap before
{Heap before GC invocations=6 (full 0):
 garbage-first heap   total 131072K, used 90002K [0x0000000780000000, 0x0000000800000000)
  region size 1024K, 75 young (76800K), 4 survivors (4096K)
 Metaspace       used 49973K, capacity 50952K, committed 51244K, reserved 1093632K
  class space    used 6345K, capacity 6732K, committed 6784K, reserved 1048576K
}
Event: 11.617 GC heap after
{Heap after GC invocations=7 (full 0):
 garbage-first heap   total 157696K, used 20039K [0x0000000780000000, 0x0000000800000000)
  region size 1024K, 10 young (10240K), 10 survivors (10240K)
 Metaspace       used 49973K, capacity 50952K, committed 51244K, reserved 1093632K
  class space    used 6345K, capacity 6732K, committed 6784K, reserved 1048576K
}

