# JRE version: OpenJDK Runtime Environment Temurin-11.0.12+7 (11.0.12+7) (build 11.0.12+7)
# Java VM: OpenJDK 64-Bit Server VM Temurin-11.0.12+7 (11.0.12+7, mixed mode, tiered, compressed oops, g1 gc, bsd-amd64)
Heap:
 garbage-first heap   total 166912K, used 74351K [0x0000000780000000, 0x0000000800000000)
  region size 1024K, 3 young (3072K), 1 survivors (1024K)
 Metaspace       used 58049K, capacity 59577K, committed 59640K, reserved 1101824K
  class space    used 7036K, capacity 7648K, committed 7672K, reserved 1048576K
GC Heap History (20 events):
Event: 95.308 GC heap before
{Heap before GC invocations=36 (full 0):
 garbage-first heap   total 166912K, used 114688K [0x0000000780000000, 0x0000000800000000)
  region size 1024K, 14 young (14336K), 4 survivors (4096K)
 Metaspace       used 57224K, capacity 58704K, committed 58872K, reserved 1099776K
  class space    used 7015K, capacity 7594K, committed 7672K, reserved 1048576K
}
Event: 95.315 GC heap after
{Heap after GC invocations=37 (full 0):
 garbage-first heap   total 166912K, used 104586K [0x0000000780000000, 0x0000000800000000)
  region size 1024K, 1 young (1024K), 1 survivors (1024K)
 Metaspace       used 57224K, capacity 58704K, committed 58872K, reserved 1099776K
  class space    used 7015K, capacity 7594K, committed 7672K, reserved 1048576K
}
Event: 97.119 GC heap before
{Heap before GC invocations=38 (full 0):
 garbage-first heap   total 166912K, used 87178K [0x0000000780000000, 0x0000000800000000)
  region size 1024K, 2 young (2048K), 1 survivors (1024K)
 Metaspace       used 57257K, capacity 58704K, committed 58872K, reserved 1099776K
  class space    used 7015K, capacity 7594K, committed 7672K, reserved 1048576K
}
Event: 97.126 GC heap after
{Heap after GC invocations=39 (full 0):
 garbage-first heap   total 166912K, used 85096K [0x0000000780000000, 0x0000000800000000)
  region size 1024K, 1 young (1024K), 1 survivors (1024K)
 Metaspace       used 57257K, capacity 58704K, committed 58872K, reserved 1099776K
  class space    used 7015K, capacity 7594K, committed 7672K, reserved 1048576K
}
Event: 98.669 GC heap before
{Heap before GC invocations=40 (full 0):
 garbage-first heap   total 166912K, used 107624K [0x0000000780000000, 0x0000000800000000)
  region size 1024K, 3 young (3072K), 1 survivors (1024K)
 Metaspace       used 57274K, capacity 58705K, committed 58872K, reserved 1099776K
  class space    used 7015K, capacity 7594K, committed 7672K, reserved 1048576K
}
Event: 98.680 GC heap after
{Heap after GC invocations=41 (full 0):
 garbage-first heap   total 166912K, used 104757K [0x0000000780000000, 0x0000000800000000)
  region size 1024K, 1 young (1024K), 1 survivors (1024K)
 Metaspace       used 57274K, capacity 58705K, committed 58872K, reserved 1099776K
  class space    used 7015K, capacity 7594K, committed 7672K, reserved 1048576K
}
Event: 99.765 GC heap before
{Heap before GC invocations=42 (full 0):
 garbage-first heap   total 166912K, used 118069K [0x0000000780000000, 0x0000000800000000)
  region size 1024K, 2 young (2048K), 1 survivors (1024K)
 Metaspace       used 57293K, capacity 58775K, committed 59128K, reserved 1101824K
  class space    used 7016K, capacity 7595K, committed 7672K, reserved 1048576K
}
Event: 99.775 GC heap after
{Heap after GC invocations=43 (full 0):
 garbage-first heap   total 166912K, used 113784K [0x0000000780000000, 0x0000000800000000)
  region size 1024K, 1 young (1024K), 1 survivors (1024K)
 Metaspace       used 57293K, capacity 58775K, committed 59128K, reserved 1101824K
  class space    used 7016K, capacity 7595K, committed 7672K, reserved 1048576K
}
Event: 112.179 GC heap before
{Heap before GC invocations=44 (full 0):
 garbage-first heap   total 166912K, used 134264K [0x0000000780000000, 0x0000000800000000)
  region size 1024K, 9 young (9216K), 1 survivors (1024K)
 Metaspace       used 57464K, capacity 58973K, committed 59384K, reserved 1101824K
  class space    used 7016K, capacity 7596K, committed 7672K, reserved 1048576K
}
Event: 112.187 GC heap after
{Heap after GC invocations=45 (full 0):
 garbage-first heap   total 166912K, used 96692K [0x0000000780000000, 0x0000000800000000)
  region size 1024K, 2 young (2048K), 2 survivors (2048K)
 Metaspace       used 57464K, capacity 58973K, committed 59384K, reserved 1101824K
  class space    used 7016K, capacity 7596K, committed 7672K, reserved 1048576K
}
Event: 114.984 GC heap before
{Heap before GC invocations=46 (full 0):
 garbage-first heap   total 166912K, used 114100K [0x0000000780000000, 0x0000000800000000)
  region size 1024K, 12 young (12288K), 2 survivors (2048K)
 Metaspace       used 57608K, capacity 59081K, committed 59384K, reserved 1101824K
  class space    used 7021K, capacity 7630K, committed 7672K, reserved 1048576K
}
Event: 114.996 GC heap after
{Heap after GC invocations=47 (full 0):
 garbage-first heap   total 166912K, used 100910K [0x0000000780000000, 0x0000000800000000)
  region size 1024K, 2 young (2048K), 2 survivors (2048K)
 Metaspace       used 57608K, capacity 59081K, committed 59384K, reserved 1101824K
  class space    used 7021K, capacity 7630K, committed 7672K, reserved 1048576K
}
Event: 115.181 GC heap before
{Heap before GC invocations=48 (full 0):
 garbage-first heap   total 166912K, used 130606K [0x0000000780000000, 0x0000000800000000)
  region size 1024K, 23 young (23552K), 2 survivors (2048K)
 Metaspace       used 57700K, capacity 59181K, committed 59384K, reserved 1101824K
  class space    used 7024K, capacity 7635K, committed 7672K, reserved 1048576K
}
Event: 115.191 GC heap after
{Heap after GC invocations=49 (full 0):
 garbage-first heap   total 166912K, used 111281K [0x0000000780000000, 0x0000000800000000)
  region size 1024K, 3 young (3072K), 3 survivors (3072K)
 Metaspace       used 57700K, capacity 59181K, committed 59384K, reserved 1101824K
  class space    used 7024K, capacity 7635K, committed 7672K, reserved 1048576K
}
Event: 123.213 GC heap before
{Heap before GC invocations=49 (full 0):
 garbage-first heap   total 166912K, used 117425K [0x0000000780000000, 0x0000000800000000)
  region size 1024K, 10 young (10240K), 3 survivors (3072K)
 Metaspace       used 57744K, capacity 59245K, committed 59384K, reserved 1101824K
  class space    used 7024K, capacity 7635K, committed 7672K, reserved 1048576K
}
Event: 123.226 GC heap after
{Heap after GC invocations=50 (full 0):
 garbage-first heap   total 166912K, used 112605K [0x0000000780000000, 0x0000000800000000)
  region size 1024K, 2 young (2048K), 2 survivors (2048K)
 Metaspace       used 57744K, capacity 59245K, committed 59384K, reserved 1101824K
  class space    used 7024K, capacity 7635K, committed 7672K, reserved 1048576K
}
Event: 125.264 GC heap before
{Heap before GC invocations=51 (full 0):
 garbage-first heap   total 166912K, used 109533K [0x0000000780000000, 0x0000000800000000)
  region size 1024K, 18 young (18432K), 2 survivors (2048K)
 Metaspace       used 57948K, capacity 59442K, committed 59640K, reserved 1101824K
  class space    used 7033K, capacity 7647K, committed 7672K, reserved 1048576K
}
Event: 125.269 GC heap after
{Heap after GC invocations=52 (full 0):
 garbage-first heap   total 166912K, used 89052K [0x0000000780000000, 0x0000000800000000)
  region size 1024K, 3 young (3072K), 3 survivors (3072K)
 Metaspace       used 57948K, capacity 59442K, committed 59640K, reserved 1101824K
  class space    used 7033K, capacity 7647K, committed 7672K, reserved 1048576K
}
Event: 125.330 GC heap before
{Heap before GC invocations=52 (full 0):
 garbage-first heap   total 166912K, used 94172K [0x0000000780000000, 0x0000000800000000)
  region size 1024K, 8 young (8192K), 3 survivors (3072K)
 Metaspace       used 58040K, capacity 59512K, committed 59640K, reserved 1101824K
  class space    used 7036K, capacity 7648K, committed 7672K, reserved 1048576K
}
Event: 125.346 GC heap after
{Heap after GC invocations=53 (full 0):
 garbage-first heap   total 166912K, used 73327K [0x0000000780000000, 0x0000000800000000)
  region size 1024K, 1 young (1024K), 1 survivors (1024K)
 Metaspace       used 58040K, capacity 59512K, committed 59640K, reserved 1101824K
  class space    used 7036K, capacity 7648K, committed 7672K, reserved 1048576K
}

