# JRE version: OpenJDK Runtime Environment Temurin-11.0.12+7 (11.0.12+7) (build 11.0.12+7)
# Java VM: OpenJDK 64-Bit Server VM Temurin-11.0.12+7 (11.0.12+7, mixed mode, tiered, compressed oops, g1 gc, bsd-amd64)
Heap:
 garbage-first heap   total 131072K, used 70474K [0x0000000780000000, 0x0000000800000000)
  region size 1024K, 63 young (64512K), 8 survivors (8192K)
 Metaspace       used 47291K, capacity 48107K, committed 48460K, reserved 1091584K
  class space    used 5865K, capacity 6205K, committed 6272K, reserved 1048576K
GC Heap History (6 events):
Event: 0.451 GC heap before
{Heap before GC invocations=0 (full 0):
 garbage-first heap   total 131072K, used 14336K [0x0000000780000000, 0x0000000800000000)
  region size 1024K, 14 young (14336K), 0 survivors (0K)
 Metaspace       used 9995K, capacity 10157K, committed 10496K, reserved 1058816K
  class space    used 919K, capacity 986K, committed 1024K, reserved 1048576K
}
Event: 0.454 GC heap after
{Heap after GC invocations=1 (full 0):
 garbage-first heap   total 131072K, used 4477K [0x0000000780000000, 0x0000000800000000)
  region size 1024K, 2 young (2048K), 2 survivors (2048K)
 Metaspace       used 9995K, capacity 10157K, committed 10496K, reserved 1058816K
  class space    used 919K, capacity 986K, committed 1024K, reserved 1048576K
}
Event: 1.107 GC heap before
{Heap before GC invocations=1 (full 0):
 garbage-first heap   total 131072K, used 63869K [0x0000000780000000, 0x0000000800000000)
  region size 1024K, 62 young (63488K), 2 survivors (2048K)
 Metaspace       used 20679K, capacity 20915K, committed 21248K, reserved 1069056K
  class space    used 2165K, capacity 2273K, committed 2304K, reserved 1048576K
}
Event: 1.113 GC heap after
{Heap after GC invocations=2 (full 0):
 garbage-first heap   total 131072K, used 6632K [0x0000000780000000, 0x0000000800000000)
  region size 1024K, 5 young (5120K), 5 survivors (5120K)
 Metaspace       used 20679K, capacity 20915K, committed 21248K, reserved 1069056K
  class space    used 2165K, capacity 2273K, committed 2304K, reserved 1048576K
}
Event: 2.599 GC heap before
{Heap before GC invocations=3 (full 0):
 garbage-first heap   total 131072K, used 70120K [0x0000000780000000, 0x0000000800000000)
  region size 1024K, 66 young (67584K), 5 survivors (5120K)
 Metaspace       used 34831K, capacity 35288K, committed 35840K, reserved 1081344K
  class space    used 4205K, capacity 4348K, committed 4352K, reserved 1048576K
}
Event: 2.613 GC heap after
{Heap after GC invocations=4 (full 0):
 garbage-first heap   total 131072K, used 12106K [0x0000000780000000, 0x0000000800000000)
  region size 1024K, 8 young (8192K), 8 survivors (8192K)
 Metaspace       used 34831K, capacity 35288K, committed 35840K, reserved 1081344K
  class space    used 4205K, capacity 4348K, committed 4352K, reserved 1048576K
}

