<?xml version="1.0" encoding="UTF-8"?>
<testsuite xmlns:xsi="http://www.w3.org/2001/XMLSchema-instance" xsi:noNamespaceSchemaLocation="https://maven.apache.org/surefire/maven-surefire-plugin/xsd/surefire-test-report.xsd" name="mockito_test.AdminsTest" time="1.253" tests="4" errors="0" skipped="0" failures="0">
  <properties>
[...]
</properties>
  <testcase name="containAtShouldReturnTrueForAdminEmail" classname="mockito_test.AdminsTest" time="1.219"/>
  <testcase name="AdminsConstructorShouldThrowExceptionForWrongID" classname="mockito_test.AdminsTest" time="0"/>
  <testcase name="toStringShouldReturnThisString" classname="mockito_test.AdminsTest" time="0"/>
  <testcase name="scannedAdminTest" classname="mockito_test.AdminsTest" time="0"/>
</testsuite>